#
# There is insufficient memory for the Java Runtime Environment to continue.
# Native memory allocation (mmap) failed to map 39845888 bytes for G1 virtual space
# Possible reasons:
#   The system is out of physical RAM or swap space
#   The process is running with CompressedOops enabled, and the Java Heap may be blocking the growth of the native heap
# Possible solutions:
#   Reduce memory load on the system
#   Increase physical memory or swap space
#   Check if swap backing store is full
#   Decrease Java heap size (-Xmx/-Xms)
#   Decrease number of Java threads
#   Decrease Java thread stack sizes (-Xss)
#   Set larger code cache with -XX:ReservedCodeCacheSize=
#   JVM is running with Unscaled Compressed Oops mode in which the Java heap is
#     placed in the first 4GB address space. The Java Heap base address is the
#     maximum limit for the native heap growth. Please use -XX:HeapBaseMinAddress
#     to set the Java Heap base and to place the Java Heap above 4GB virtual address.
# This output file may be truncated or incomplete.
#
#  Out of Memory Error (os_windows.cpp:3466), pid=11056, tid=1504
#
# JRE version: Java(TM) SE Runtime Environment (16.0.2+7) (build 16.0.2+7-67)
# Java VM: Java HotSpot(TM) 64-Bit Server VM (16.0.2+7-67, mixed mode, sharing, tiered, compressed oops, compressed class ptrs, g1 gc, windows-amd64)
# No core dump will be written. Minidumps are not enabled by default on client versions of Windows
#

---------------  S U M M A R Y ------------

Command Line: -XX:TieredStopAtLevel=1 -Xverify:none -Dspring.output.ansi.enabled=always -Dcom.sun.management.jmxremote -Dspring.jmx.enabled=true -Dspring.liveBeansView.mbeanDomain -Dspring.application.admin.enabled=true -Didea.launcher.port=50070 -Didea.launcher.bin.path=C:\Program Files\JetBrains\IntelliJ IDEA 2019.2.4\bin -Dfile.encoding=UTF-8 com.intellij.rt.execution.application.AppMainV2 com.gmail.seedsedowsidushka.hospitalproject.HospitalprojectApplication

Host: Intel(R) Pentium(R) CPU 4415U @ 2.30GHz, 4 cores, 7G,  Windows 10 , 64 bit Build 19041 (10.0.19041.1348)
Time: Sat Dec 18 00:01:24 2021  Windows 10 , 64 bit Build 19041 (10.0.19041.1348) elapsed time: 9.942590 seconds (0d 0h 0m 9s)

---------------  T H R E A D  ---------------

Current thread (0x000002323b6b98e0):  VMThread "VM Thread" [stack: 0x000000c1e5f00000,0x000000c1e6000000] [id=1504]

Stack: [0x000000c1e5f00000,0x000000c1e6000000]
Native frames: (J=compiled Java code, j=interpreted, Vv=VM code, C=native code)
V  [jvm.dll+0x6681ca]
V  [jvm.dll+0x7c9e69]
V  [jvm.dll+0x7cb61e]
V  [jvm.dll+0x7cbc73]
V  [jvm.dll+0x242c55]
V  [jvm.dll+0x664f89]
V  [jvm.dll+0x659b75]
V  [jvm.dll+0x2fbfbb]
V  [jvm.dll+0x3031b6]
V  [jvm.dll+0x35299e]
V  [jvm.dll+0x352bcf]
V  [jvm.dll+0x2d3028]
V  [jvm.dll+0x2d0bb5]
V  [jvm.dll+0x2d01ec]
V  [jvm.dll+0x3152d2]
V  [jvm.dll+0x7d00ab]
V  [jvm.dll+0x7d0da4]
V  [jvm.dll+0x7d12a9]
V  [jvm.dll+0x7d1564]
V  [jvm.dll+0x7d1630]
V  [jvm.dll+0x7795aa]
V  [jvm.dll+0x667066]
C  [ucrtbase.dll+0x21bb2]
C  [KERNEL32.DLL+0x17034]
C  [ntdll.dll+0x52651]

VM_Operation (0x000000c1e71ff060): G1CollectForAllocation, mode: safepoint, requested by thread 0x000002323cadcd80


---------------  P R O C E S S  ---------------

Threads class SMR info:
_java_thread_list=0x000002323dca3c80, length=16, elements={
0x000002323b6c0790, 0x000002323b6c3570, 0x000002323b6d8e80, 0x000002323b6d9790,
0x000002323b6da0a0, 0x000002323b6da9b0, 0x000002323b6db370, 0x000002323b70efa0,
0x000002323b69b7c0, 0x000002323c1a62e0, 0x000002323c999300, 0x000002323c9aa910,
0x000002323dfa1930, 0x000002321df75070, 0x000002323cadcd80, 0x000002323c3d4f70
}

Java Threads: ( => current thread )
  0x000002323b6c0790 JavaThread "Reference Handler" daemon [_thread_blocked, id=8576, stack(0x000000c1e6000000,0x000000c1e6100000)]
  0x000002323b6c3570 JavaThread "Finalizer" daemon [_thread_blocked, id=8296, stack(0x000000c1e6100000,0x000000c1e6200000)]
  0x000002323b6d8e80 JavaThread "Signal Dispatcher" daemon [_thread_blocked, id=15808, stack(0x000000c1e6200000,0x000000c1e6300000)]
  0x000002323b6d9790 JavaThread "Attach Listener" daemon [_thread_blocked, id=6732, stack(0x000000c1e6300000,0x000000c1e6400000)]
  0x000002323b6da0a0 JavaThread "Service Thread" daemon [_thread_blocked, id=6472, stack(0x000000c1e6400000,0x000000c1e6500000)]
  0x000002323b6da9b0 JavaThread "Monitor Deflation Thread" daemon [_thread_blocked, id=9916, stack(0x000000c1e6500000,0x000000c1e6600000)]
  0x000002323b6db370 JavaThread "C1 CompilerThread0" daemon [_thread_blocked, id=16296, stack(0x000000c1e6600000,0x000000c1e6700000)]
  0x000002323b70efa0 JavaThread "Sweeper thread" daemon [_thread_blocked, id=15884, stack(0x000000c1e6700000,0x000000c1e6800000)]
  0x000002323b69b7c0 JavaThread "Common-Cleaner" daemon [_thread_blocked, id=5940, stack(0x000000c1e6800000,0x000000c1e6900000)]
  0x000002323c1a62e0 JavaThread "Notification Thread" daemon [_thread_blocked, id=12792, stack(0x000000c1e6900000,0x000000c1e6a00000)]
  0x000002323c999300 JavaThread "RMI TCP Accept-0" daemon [_thread_in_native, id=316, stack(0x000000c1e6a00000,0x000000c1e6b00000)]
  0x000002323c9aa910 JavaThread "Monitor Ctrl-Break" daemon [_thread_in_native, id=13156, stack(0x000000c1e6c00000,0x000000c1e6d00000)]
  0x000002323dfa1930 JavaThread "mysql-cj-abandoned-connection-cleanup" daemon [_thread_blocked, id=6380, stack(0x000000c1e7400000,0x000000c1e7500000)]
  0x000002321df75070 JavaThread "DestroyJavaVM" [_thread_blocked, id=2388, stack(0x000000c1e5900000,0x000000c1e5a00000)]
  0x000002323cadcd80 JavaThread "Logging-Cleaner" [_thread_blocked, id=8380, stack(0x000000c1e7100000,0x000000c1e7200000)]
  0x000002323c3d4f70 JavaThread "SpringApplicationShutdownHook" [_thread_blocked, id=15596, stack(0x000000c1e7300000,0x000000c1e7400000)]

Other Threads:
=>0x000002323b6b98e0 VMThread "VM Thread" [stack: 0x000000c1e5f00000,0x000000c1e6000000] [id=1504]
  0x000002321df76070 WatcherThread [stack: 0x000000c1e6b00000,0x000000c1e6c00000] [id=7152]
  0x000002321dfb0530 GCTaskThread "GC Thread#0" [stack: 0x000000c1e5a00000,0x000000c1e5b00000] [id=5980]
  0x000002323c9d5410 GCTaskThread "GC Thread#1" [stack: 0x000000c1e6d00000,0x000000c1e6e00000] [id=3588]
  0x000002323c9d5720 GCTaskThread "GC Thread#2" [stack: 0x000000c1e6e00000,0x000000c1e6f00000] [id=11368]
  0x000002323ca23a50 GCTaskThread "GC Thread#3" [stack: 0x000000c1e6f00000,0x000000c1e7000000] [id=1892]
  0x000002321dfc22d0 ConcurrentGCThread "G1 Main Marker" [stack: 0x000000c1e5b00000,0x000000c1e5c00000] [id=7772]
  0x000002321dfc2cd0 ConcurrentGCThread "G1 Conc#0" [stack: 0x000000c1e5c00000,0x000000c1e5d00000] [id=6008]
  0x000002321e0390f0 ConcurrentGCThread "G1 Refine#0" [stack: 0x000000c1e5d00000,0x000000c1e5e00000] [id=12860]
  0x000002323ca0ef20 ConcurrentGCThread "G1 Refine#1" [stack: 0x000000c1e7000000,0x000000c1e7100000] [id=11788]
  0x000002321e03baa0 ConcurrentGCThread "G1 Service" [stack: 0x000000c1e5e00000,0x000000c1e5f00000] [id=8088]

Threads with active compile tasks:

VM state: at safepoint (normal execution)

VM Mutex/Monitor currently owned by a thread:  ([mutex/lock_event])
[0x000002321df71130] Threads_lock - owner thread: 0x000002323b6b98e0
[0x000002321df72720] Heap_lock - owner thread: 0x000002323cadcd80

Heap address: 0x0000000081600000, size: 2026 MB, Compressed Oops mode: 32-bit

CDS archive(s) mapped at: [0x0000000800000000-0x0000000800bb0000-0x0000000800bb0000), size 12255232, SharedBaseAddress: 0x0000000800000000, ArchiveRelocationMode: 0.
Compressed class space mapped at: 0x0000000800c00000-0x0000000840c00000, reserved size: 1073741824
Narrow klass base: 0x0000000800000000, Narrow klass shift: 3, Narrow klass range: 0x100000000

GC Precious Log:
 CPUs: 4 total, 4 available
 Memory: 8100M
 Large Page Support: Disabled
 NUMA Support: Disabled
 Compressed Oops: Enabled (32-bit)
 Heap Region Size: 1M
 Heap Min Capacity: 8M
 Heap Initial Capacity: 128M
 Heap Max Capacity: 2026M
 Pre-touch: Disabled
 Parallel Workers: 4
 Concurrent Workers: 1
 Concurrent Refinement Workers: 4
 Periodic GC: Disabled

Heap:
 garbage-first heap   total 55296K, used 16976K [0x0000000081600000, 0x0000000100000000)
  region size 1024K, 3 young (3072K), 3 survivors (3072K)
 Metaspace       used 25567K, committed 25856K, reserved 1073152K
  class space    used 3417K, committed 3584K, reserved 1048576K

Heap Regions: E=young(eden), S=young(survivor), O=old, HS=humongous(starts), HC=humongous(continues), CS=collection set, F=free, OA=open archive, CA=closed archive, TAMS=top-at-mark-start (previous, next)
|   0|0x0000000081600000, 0x0000000081700000, 0x0000000081700000|100%|HS|  |TAMS 0x0000000081700000, 0x0000000081600000| Complete 
|   1|0x0000000081700000, 0x0000000081800000, 0x0000000081800000|100%| O|  |TAMS 0x0000000081800000, 0x0000000081700000| Untracked 
|   2|0x0000000081800000, 0x0000000081900000, 0x0000000081900000|100%| O|  |TAMS 0x0000000081900000, 0x0000000081800000| Untracked 
|   3|0x0000000081900000, 0x0000000081a00000, 0x0000000081a00000|100%| O|  |TAMS 0x0000000081a00000, 0x0000000081900000| Untracked 
|   4|0x0000000081a00000, 0x0000000081b00000, 0x0000000081b00000|100%| O|  |TAMS 0x0000000081b00000, 0x0000000081a00000| Untracked 
|   5|0x0000000081b00000, 0x0000000081c00000, 0x0000000081c00000|100%| O|  |TAMS 0x0000000081c00000, 0x0000000081b00000| Untracked 
|   6|0x0000000081c00000, 0x0000000081cb0800, 0x0000000081d00000| 68%| O|  |TAMS 0x0000000081cb0800, 0x0000000081c00000| Untracked 
|   7|0x0000000081d00000, 0x0000000081e00000, 0x0000000081e00000|100%| O|  |TAMS 0x0000000081d00000, 0x0000000081d00000| Untracked 
|   8|0x0000000081e00000, 0x0000000081f00000, 0x0000000081f00000|100%| O|  |TAMS 0x0000000081e00000, 0x0000000081e00000| Untracked 
|   9|0x0000000081f00000, 0x0000000082000000, 0x0000000082000000|100%| O|  |TAMS 0x0000000081f00000, 0x0000000081f00000| Untracked 
|  10|0x0000000082000000, 0x0000000082100000, 0x0000000082100000|100%| O|  |TAMS 0x0000000082000000, 0x0000000082000000| Untracked 
|  11|0x0000000082100000, 0x0000000082200000, 0x0000000082200000|100%| O|  |TAMS 0x0000000082100000, 0x0000000082100000| Untracked 
|  12|0x0000000082200000, 0x0000000082300000, 0x0000000082300000|100%| O|  |TAMS 0x0000000082200000, 0x0000000082200000| Untracked 
|  13|0x0000000082300000, 0x0000000082400000, 0x0000000082400000|100%| O|  |TAMS 0x0000000082300000, 0x0000000082300000| Untracked 
|  14|0x0000000082400000, 0x0000000082417400, 0x0000000082500000|  9%| O|  |TAMS 0x0000000082400000, 0x0000000082400000| Untracked 
|  15|0x0000000082500000, 0x0000000082500000, 0x0000000082600000|  0%| F|  |TAMS 0x0000000082500000, 0x0000000082500000| Untracked 
|  16|0x0000000082600000, 0x0000000082600000, 0x0000000082700000|  0%| F|  |TAMS 0x0000000082600000, 0x0000000082600000| Untracked 
|  17|0x0000000082700000, 0x0000000082700000, 0x0000000082800000|  0%| F|  |TAMS 0x0000000082700000, 0x0000000082700000| Untracked 
|  18|0x0000000082800000, 0x0000000082800000, 0x0000000082900000|  0%| F|  |TAMS 0x0000000082800000, 0x0000000082800000| Untracked 
|  19|0x0000000082900000, 0x0000000082900000, 0x0000000082a00000|  0%| F|  |TAMS 0x0000000082900000, 0x0000000082900000| Untracked 
|  20|0x0000000082a00000, 0x0000000082a00000, 0x0000000082b00000|  0%| F|  |TAMS 0x0000000082a00000, 0x0000000082a00000| Untracked 
|  21|0x0000000082b00000, 0x0000000082b00000, 0x0000000082c00000|  0%| F|  |TAMS 0x0000000082b00000, 0x0000000082b00000| Untracked 
|  22|0x0000000082c00000, 0x0000000082c00000, 0x0000000082d00000|  0%| F|  |TAMS 0x0000000082c00000, 0x0000000082c00000| Untracked 
|  23|0x0000000082d00000, 0x0000000082d00000, 0x0000000082e00000|  0%| F|  |TAMS 0x0000000082d00000, 0x0000000082d00000| Untracked 
|  24|0x0000000082e00000, 0x0000000082e00000, 0x0000000082f00000|  0%| F|  |TAMS 0x0000000082e00000, 0x0000000082e00000| Untracked 
|  25|0x0000000082f00000, 0x0000000082fcc618, 0x0000000083000000| 79%| S|CS|TAMS 0x0000000082f00000, 0x0000000082f00000| Complete 
|  26|0x0000000083000000, 0x0000000083100000, 0x0000000083100000|100%| S|CS|TAMS 0x0000000083000000, 0x0000000083000000| Complete 
|  27|0x0000000083100000, 0x0000000083200000, 0x0000000083200000|100%| S|CS|TAMS 0x0000000083100000, 0x0000000083100000| Complete 
|  28|0x0000000083200000, 0x0000000083200000, 0x0000000083300000|  0%| F|  |TAMS 0x0000000083200000, 0x0000000083200000| Untracked 
|  29|0x0000000083300000, 0x0000000083300000, 0x0000000083400000|  0%| F|  |TAMS 0x0000000083300000, 0x0000000083300000| Untracked 
|  30|0x0000000083400000, 0x0000000083400000, 0x0000000083500000|  0%| F|  |TAMS 0x0000000083400000, 0x0000000083400000| Untracked 
|  31|0x0000000083500000, 0x0000000083500000, 0x0000000083600000|  0%| F|  |TAMS 0x0000000083500000, 0x0000000083500000| Untracked 
|  32|0x0000000083600000, 0x0000000083600000, 0x0000000083700000|  0%| F|  |TAMS 0x0000000083600000, 0x0000000083600000| Untracked 
|  33|0x0000000083700000, 0x0000000083700000, 0x0000000083800000|  0%| F|  |TAMS 0x0000000083700000, 0x0000000083700000| Untracked 
|  34|0x0000000083800000, 0x0000000083800000, 0x0000000083900000|  0%| F|  |TAMS 0x0000000083800000, 0x0000000083800000| Untracked 
|  35|0x0000000083900000, 0x0000000083900000, 0x0000000083a00000|  0%| F|  |TAMS 0x0000000083900000, 0x0000000083900000| Untracked 
|  36|0x0000000083a00000, 0x0000000083a00000, 0x0000000083b00000|  0%| F|  |TAMS 0x0000000083a00000, 0x0000000083a00000| Untracked 
|  37|0x0000000083b00000, 0x0000000083b00000, 0x0000000083c00000|  0%| F|  |TAMS 0x0000000083b00000, 0x0000000083b00000| Untracked 
|  38|0x0000000083c00000, 0x0000000083c00000, 0x0000000083d00000|  0%| F|  |TAMS 0x0000000083c00000, 0x0000000083c00000| Untracked 
|  39|0x0000000083d00000, 0x0000000083d00000, 0x0000000083e00000|  0%| F|  |TAMS 0x0000000083d00000, 0x0000000083d00000| Untracked 
|  40|0x0000000083e00000, 0x0000000083e00000, 0x0000000083f00000|  0%| F|  |TAMS 0x0000000083e00000, 0x0000000083e00000| Untracked 
|  41|0x0000000083f00000, 0x0000000083f00000, 0x0000000084000000|  0%| F|  |TAMS 0x0000000083f00000, 0x0000000083f00000| Untracked 
|  42|0x0000000084000000, 0x0000000084000000, 0x0000000084100000|  0%| F|  |TAMS 0x0000000084000000, 0x0000000084000000| Untracked 
|  43|0x0000000084100000, 0x0000000084100000, 0x0000000084200000|  0%| F|  |TAMS 0x0000000084100000, 0x0000000084100000| Untracked 
|  44|0x0000000084200000, 0x0000000084200000, 0x0000000084300000|  0%| F|  |TAMS 0x0000000084200000, 0x0000000084200000| Untracked 
|  83|0x0000000086900000, 0x0000000086900000, 0x0000000086a00000|  0%| F|  |TAMS 0x0000000086900000, 0x0000000086900000| Untracked 
|  84|0x0000000086a00000, 0x0000000086a00000, 0x0000000086b00000|  0%| F|  |TAMS 0x0000000086a00000, 0x0000000086a00000| Untracked 
|  85|0x0000000086b00000, 0x0000000086b00000, 0x0000000086c00000|  0%| F|  |TAMS 0x0000000086b00000, 0x0000000086b00000| Untracked 
|  86|0x0000000086c00000, 0x0000000086c00000, 0x0000000086d00000|  0%| F|  |TAMS 0x0000000086c00000, 0x0000000086c00000| Untracked 
|  87|0x0000000086d00000, 0x0000000086d00000, 0x0000000086e00000|  0%| F|  |TAMS 0x0000000086d00000, 0x0000000086d00000| Untracked 
|  88|0x0000000086e00000, 0x0000000086e00000, 0x0000000086f00000|  0%| F|  |TAMS 0x0000000086e00000, 0x0000000086e00000| Untracked 
|  89|0x0000000086f00000, 0x0000000086f00000, 0x0000000087000000|  0%| F|  |TAMS 0x0000000086f00000, 0x0000000086f00000| Untracked 
|  90|0x0000000087000000, 0x0000000087000000, 0x0000000087100000|  0%| F|  |TAMS 0x0000000087000000, 0x0000000087000000| Untracked 
| 127|0x0000000089500000, 0x0000000089500000, 0x0000000089600000|  0%| F|  |TAMS 0x0000000089500000, 0x0000000089500000| Untracked 

Card table byte_map: [0x0000023234ae0000,0x0000023234ee0000] _byte_map_base: 0x00000232346d5000

Marking Bits (Prev, Next): (CMBitMap*) 0x000002321dfb1b80, (CMBitMap*) 0x000002321dfb1b40
 Prev Bits: [0x0000023237290000, 0x0000023239238000)
 Next Bits: [0x00000232352e0000, 0x0000023237288000)

Polling page: 0x000002321be00000

Metaspace:

Usage:
  Non-class:     21.63 MB used.
      Class:      3.34 MB used.
       Both:     24.97 MB used.

Virtual space:
  Non-class space:       24.00 MB reserved,      21.75 MB ( 91%) committed,  3 nodes.
      Class space:        1.00 GB reserved,       3.50 MB ( <1%) committed,  1 nodes.
              Both:        1.02 GB reserved,      25.25 MB (  2%) committed. 

Chunk freelists:
   Non-Class:  2.12 MB
       Class:  496.00 KB
        Both:  2.61 MB

MaxMetaspaceSize: 17179869184.00 GB
CompressedClassSpaceSize: 1.00 GB
 - commit_granule_bytes: 65536.
 - commit_granule_words: 8192.
 - virtual_space_node_default_size: 1048576.
 - enlarge_chunks_in_place: 1.
 - new_chunks_are_fully_committed: 0.
 - uncommit_free_chunks: 1.
 - use_allocation_guard: 0.
 - handle_deallocations: 1.


Internal statistics:

num_allocs_failed_limit: 3.
num_arena_births: 366.
num_arena_deaths: 0.
num_vsnodes_births: 4.
num_vsnodes_deaths: 0.
num_space_committed: 404.
num_space_uncommitted: 0.
num_chunks_returned_to_freelist: 3.
num_chunks_taken_from_freelist: 1223.
num_chunk_merges: 3.
num_chunk_splits: 802.
num_chunks_enlarged: 590.
num_purges: 0.

CodeHeap 'non-profiled nmethods': size=238912Kb used=5688Kb max_used=5688Kb free=233223Kb
 bounds [0x0000023225d90000, 0x0000023226320000, 0x00000232346e0000]
CodeHeap 'non-nmethods': size=6848Kb used=1216Kb max_used=1216Kb free=5631Kb
 bounds [0x00000232256e0000, 0x0000023225950000, 0x0000023225d90000]
 total_blobs=4085 nmethods=3566 adapters=447
 compilation: enabled
              stopped_count=0, restarted_count=0
 full_count=0

Compilation events (20 events):
Event: 9.662 Thread 0x000002323b6db370 3557       1       org.springframework.core.OrderComparator::findOrder (24 bytes)
Event: 9.662 Thread 0x000002323b6db370 nmethod 3557 0x000002322631a990 code [0x000002322631ab60, 0x000002322631ae08]
Event: 9.662 Thread 0x000002323b6db370 3558       1       org.springframework.core.OrderComparator::getOrder (111 bytes)
Event: 9.663 Thread 0x000002323b6db370 nmethod 3558 0x000002322631af10 code [0x000002322631b100, 0x000002322631b418]
Event: 9.663 Thread 0x000002323b6db370 3559       1       org.springframework.core.annotation.AnnotationAwareOrderComparator::findOrder (18 bytes)
Event: 9.663 Thread 0x000002323b6db370 nmethod 3559 0x000002322631b690 code [0x000002322631b860, 0x000002322631baa8]
Event: 9.663 Thread 0x000002323b6db370 3560       1       org.springframework.core.annotation.AnnotationAwareOrderComparator::findOrderFromAnnotation (63 bytes)
Event: 9.664 Thread 0x000002323b6db370 nmethod 3560 0x000002322631bb90 code [0x000002322631bda0, 0x000002322631c2b8]
Event: 9.691 Thread 0x000002323b6db370 3561       1       sun.reflect.generics.parser.SignatureParser::parseZeroOrMoreFormalTypeParameters (19 bytes)
Event: 9.691 Thread 0x000002323b6db370 nmethod 3561 0x000002322631c510 code [0x000002322631c6c0, 0x000002322631c898]
Event: 9.692 Thread 0x000002323b6db370 3562       1       java.util.regex.Matcher::groupCount (10 bytes)
Event: 9.692 Thread 0x000002323b6db370 nmethod 3562 0x000002322631c990 code [0x000002322631cb20, 0x000002322631cbf8]
Event: 9.692 Thread 0x000002323b6db370 3563       1       java.util.regex.Pattern$Branch::match (66 bytes)
Event: 9.693 Thread 0x000002323b6db370 nmethod 3563 0x000002322631cc90 code [0x000002322631ce60, 0x000002322631d098]
Event: 9.693 Thread 0x000002323b6db370 3564       1       java.util.stream.FindOps$FindOp::getOpFlags (5 bytes)
Event: 9.693 Thread 0x000002323b6db370 nmethod 3564 0x000002322631d210 code [0x000002322631d3a0, 0x000002322631d478]
Event: 9.696 Thread 0x000002323b6db370 3565       1       java.util.regex.Pattern$GroupHead::match (47 bytes)
Event: 9.696 Thread 0x000002323b6db370 nmethod 3565 0x000002322631d510 code [0x000002322631d6c0, 0x000002322631d848]
Event: 9.697 Thread 0x000002323b6db370 3566       1       java.util.regex.Matcher::start (65 bytes)
Event: 9.698 Thread 0x000002323b6db370 nmethod 3566 0x000002322631d990 code [0x000002322631dba0, 0x000002322631e048]

GC Heap History (15 events):
Event: 1.742 GC heap before
{Heap before GC invocations=0 (full 0):
 garbage-first heap   total 131072K, used 14336K [0x0000000081600000, 0x0000000100000000)
  region size 1024K, 13 young (13312K), 0 survivors (0K)
 Metaspace       used 4548K, committed 4800K, reserved 1056768K
  class space    used 515K, committed 640K, reserved 1048576K
}
Event: 1.763 GC heap after
{Heap after GC invocations=1 (full 0):
 garbage-first heap   total 131072K, used 6502K [0x0000000081600000, 0x0000000100000000)
  region size 1024K, 2 young (2048K), 2 survivors (2048K)
 Metaspace       used 4548K, committed 4800K, reserved 1056768K
  class space    used 515K, committed 640K, reserved 1048576K
}
Event: 2.218 GC heap before
{Heap before GC invocations=1 (full 0):
 garbage-first heap   total 131072K, used 14694K [0x0000000081600000, 0x0000000100000000)
  region size 1024K, 10 young (10240K), 2 survivors (2048K)
 Metaspace       used 6314K, committed 6528K, reserved 1056768K
  class space    used 732K, committed 832K, reserved 1048576K
}
Event: 2.223 GC heap after
{Heap after GC invocations=2 (full 0):
 garbage-first heap   total 131072K, used 7962K [0x0000000081600000, 0x0000000100000000)
  region size 1024K, 2 young (2048K), 2 survivors (2048K)
 Metaspace       used 6314K, committed 6528K, reserved 1056768K
  class space    used 732K, committed 832K, reserved 1048576K
}
Event: 3.477 GC heap before
{Heap before GC invocations=2 (full 0):
 garbage-first heap   total 131072K, used 30490K [0x0000000081600000, 0x0000000100000000)
  region size 1024K, 24 young (24576K), 2 survivors (2048K)
 Metaspace       used 11085K, committed 11328K, reserved 1064960K
  class space    used 1433K, committed 1536K, reserved 1048576K
}
Event: 3.482 GC heap after
{Heap after GC invocations=3 (full 0):
 garbage-first heap   total 131072K, used 9538K [0x0000000081600000, 0x0000000100000000)
  region size 1024K, 3 young (3072K), 3 survivors (3072K)
 Metaspace       used 11085K, committed 11328K, reserved 1064960K
  class space    used 1433K, committed 1536K, reserved 1048576K
}
Event: 5.194 GC heap before
{Heap before GC invocations=3 (full 0):
 garbage-first heap   total 131072K, used 82242K [0x0000000081600000, 0x0000000100000000)
  region size 1024K, 75 young (76800K), 3 survivors (3072K)
 Metaspace       used 15713K, committed 16000K, reserved 1064960K
  class space    used 2041K, committed 2176K, reserved 1048576K
}
Event: 5.206 GC heap after
{Heap after GC invocations=4 (full 0):
 garbage-first heap   total 131072K, used 11939K [0x0000000081600000, 0x0000000100000000)
  region size 1024K, 5 young (5120K), 5 survivors (5120K)
 Metaspace       used 15713K, committed 16000K, reserved 1064960K
  class space    used 2041K, committed 2176K, reserved 1048576K
}
Event: 7.482 GC heap before
{Heap before GC invocations=4 (full 0):
 garbage-first heap   total 131072K, used 48803K [0x0000000081600000, 0x0000000100000000)
  region size 1024K, 42 young (43008K), 5 survivors (5120K)
 Metaspace       used 20917K, committed 21248K, reserved 1073152K
  class space    used 2830K, committed 3008K, reserved 1048576K
}
Event: 7.497 GC heap after
{Heap after GC invocations=5 (full 0):
 garbage-first heap   total 131072K, used 14577K [0x0000000081600000, 0x0000000100000000)
  region size 1024K, 8 young (8192K), 8 survivors (8192K)
 Metaspace       used 20917K, committed 21248K, reserved 1073152K
  class space    used 2830K, committed 3008K, reserved 1048576K
}
Event: 8.401 GC heap before
{Heap before GC invocations=6 (full 0):
 garbage-first heap   total 55296K, used 38129K [0x0000000081600000, 0x0000000100000000)
  region size 1024K, 32 young (32768K), 8 survivors (8192K)
 Metaspace       used 23012K, committed 23360K, reserved 1073152K
  class space    used 3105K, committed 3264K, reserved 1048576K
}
Event: 8.431 GC heap after
{Heap after GC invocations=7 (full 0):
 garbage-first heap   total 55296K, used 16159K [0x0000000081600000, 0x0000000100000000)
  region size 1024K, 2 young (2048K), 2 survivors (2048K)
 Metaspace       used 23012K, committed 23360K, reserved 1073152K
  class space    used 3105K, committed 3264K, reserved 1048576K
}
Event: 8.440 GC heap before
{Heap before GC invocations=7 (full 0):
 garbage-first heap   total 55296K, used 38687K [0x0000000081600000, 0x0000000100000000)
  region size 1024K, 25 young (25600K), 2 survivors (2048K)
 Metaspace       used 23012K, committed 23360K, reserved 1073152K
  class space    used 3105K, committed 3264K, reserved 1048576K
}
Event: 8.445 GC heap after
{Heap after GC invocations=8 (full 0):
 garbage-first heap   total 55296K, used 15956K [0x0000000081600000, 0x0000000100000000)
  region size 1024K, 2 young (2048K), 2 survivors (2048K)
 Metaspace       used 23012K, committed 23360K, reserved 1073152K
  class space    used 3105K, committed 3264K, reserved 1048576K
}
Event: 9.932 GC heap before
{Heap before GC invocations=8 (full 0):
 garbage-first heap   total 55296K, used 39508K [0x0000000081600000, 0x0000000100000000)
  region size 1024K, 26 young (26624K), 2 survivors (2048K)
 Metaspace       used 25567K, committed 25856K, reserved 1073152K
  class space    used 3417K, committed 3584K, reserved 1048576K
}

Deoptimization events (4 events):
Event: 6.240 Thread 0x000002321df75070 DEOPT PACKING pc=0x000002322606c7d4 sp=0x000000c1e59fcd60
Event: 6.240 Thread 0x000002321df75070 DEOPT UNPACKING pc=0x000002322572deaf sp=0x000000c1e59fc2b8 mode 0
Event: 9.593 Thread 0x000002323cadcd80 DEOPT PACKING pc=0x0000023226039501 sp=0x000000c1e71fec20
Event: 9.593 Thread 0x000002323cadcd80 DEOPT UNPACKING pc=0x000002322572deaf sp=0x000000c1e71fe0b8 mode 3

Classes unloaded (0 events):
No events

Classes redefined (0 events):
No events

Internal exceptions (20 events):
Event: 7.274 Thread 0x000002321df75070 Exception <a 'java/lang/ClassNotFoundException'{0x000000008741c0d0}: org/springframework/aop/PointcutAdvisorCustomizer> (0x000000008741c0d0) 
thrown [t:\workspace\open\src\hotspot\share\classfile\systemDictionary.cpp, line 256]
Event: 7.275 Thread 0x000002321df75070 Exception <a 'java/lang/ClassNotFoundException'{0x0000000087421430}: org/springframework/aop/AdvisorCustomizer> (0x0000000087421430) 
thrown [t:\workspace\open\src\hotspot\share\classfile\systemDictionary.cpp, line 256]
Event: 7.276 Thread 0x000002321df75070 Exception <a 'java/lang/ClassNotFoundException'{0x0000000087426fa0}: org/springframework/core/OrderedCustomizer> (0x0000000087426fa0) 
thrown [t:\workspace\open\src\hotspot\share\classfile\systemDictionary.cpp, line 256]
Event: 7.414 Thread 0x000002321df75070 Exception <a 'java/lang/NoSuchMethodError'{0x000000008722ed28}: 'int java.lang.invoke.DirectMethodHandle$Holder.invokeSpecial(java.lang.Object, java.lang.Object, java.lang.Object, java.lang.Object, java.lang.Object)'> (0x000000008722ed28) 
thrown [t:\workspace\open\src\hotspot\share\interpreter\linkResolver.cpp, line 790]
Event: 7.552 Thread 0x000002321df75070 Exception <a 'java/lang/NoSuchMethodError'{0x00000000895bca48}: 'java.lang.Object java.lang.invoke.DirectMethodHandle$Holder.invokeStatic(java.lang.Object, java.lang.Object, int)'> (0x00000000895bca48) 
thrown [t:\workspace\open\src\hotspot\share\interpreter\linkResolver.cpp, line 790]
Event: 7.554 Thread 0x000002321df75070 Exception <a 'java/lang/NoSuchMethodError'{0x00000000895c8aa0}: 'void java.lang.invoke.DelegatingMethodHandle$Holder.delegate(java.lang.Object, java.lang.Object, int, java.lang.Object)'> (0x00000000895c8aa0) 
thrown [t:\workspace\open\src\hotspot\share\interpreter\linkResolver.cpp, line 790]
Event: 7.608 Thread 0x000002321df75070 Exception <a 'java/lang/NoSuchMethodError'{0x00000000842d6928}: 'void java.lang.invoke.DirectMethodHandle$Holder.invokeInterface(java.lang.Object, java.lang.Object, int)'> (0x00000000842d6928) 
thrown [t:\workspace\open\src\hotspot\share\interpreter\linkResolver.cpp, line 790]
Event: 7.613 Thread 0x000002321df75070 Exception <a 'java/lang/NoSuchMethodError'{0x00000000842f0ff8}: 'int java.lang.invoke.DirectMethodHandle$Holder.invokeVirtual(java.lang.Object, java.lang.Object)'> (0x00000000842f0ff8) 
thrown [t:\workspace\open\src\hotspot\share\interpreter\linkResolver.cpp, line 790]
Event: 7.622 Thread 0x000002321df75070 Exception <a 'java/lang/IncompatibleClassChangeError'{0x000000008412cac0}: Found class java.lang.Object, but interface was expected> (0x000000008412cac0) 
thrown [t:\workspace\open\src\hotspot\share\interpreter\linkResolver.cpp, line 857]
Event: 7.623 Thread 0x000002321df75070 Exception <a 'java/lang/NoSuchMethodError'{0x0000000084131ef8}: 'void java.lang.invoke.DirectMethodHandle$Holder.invokeStatic(java.lang.Object, int, java.lang.Object)'> (0x0000000084131ef8) 
thrown [t:\workspace\open\src\hotspot\share\interpreter\linkResolver.cpp, line 790]
Event: 7.630 Thread 0x000002321df75070 Exception <a 'java/lang/NoSuchMethodError'{0x0000000084161a10}: 'int java.lang.invoke.DirectMethodHandle$Holder.invokeSpecial(java.lang.Object, java.lang.Object, int)'> (0x0000000084161a10) 
thrown [t:\workspace\open\src\hotspot\share\interpreter\linkResolver.cpp, line 790]
Event: 8.577 Thread 0x000002321df75070 Exception <a 'java/io/FileNotFoundException'{0x00000000869c65e8}> (0x00000000869c65e8) 
thrown [t:\workspace\open\src\hotspot\share\prims\jni.cpp, line 579]
Event: 8.725 Thread 0x000002321df75070 Exception <a 'java/lang/NoSuchMethodError'{0x000000008405ed00}: 'int java.lang.invoke.DirectMethodHandle$Holder.invokeInterface(java.lang.Object, java.lang.Object, java.lang.Object, java.lang.Object)'> (0x000000008405ed00) 
thrown [t:\workspace\open\src\hotspot\share\interpreter\linkResolver.cpp, line 790]
Event: 8.991 Thread 0x000002321df75070 Exception <a 'java/io/FileNotFoundException'{0x0000000083d7a440}> (0x0000000083d7a440) 
thrown [t:\workspace\open\src\hotspot\share\prims\jni.cpp, line 579]
Event: 9.127 Thread 0x000002321df75070 Exception <a 'java/lang/reflect/InvocationTargetException'{0x0000000083b28f00}> (0x0000000083b28f00) 
thrown [t:\workspace\open\src\hotspot\share\runtime\reflection.cpp, line 1157]
Event: 9.138 Thread 0x000002321df75070 Exception <a 'java/lang/NoSuchMethodError'{0x0000000083b4a680}: 'void java.lang.invoke.DirectMethodHandle$Holder.invokeInterface(java.lang.Object, java.lang.Object)'> (0x0000000083b4a680) 
thrown [t:\workspace\open\src\hotspot\share\interpreter\linkResolver.cpp, line 790]
Event: 9.585 Thread 0x000002323b76aa80 Exception <a 'java/lang/InterruptedException'{0x00000000836f1108}: sleep interrupted> (0x00000000836f1108) 
thrown [t:\workspace\open\src\hotspot\share\prims\jvm.cpp, line 3305]
Event: 9.685 Thread 0x000002321df75070 Exception <a 'java/lang/NoClassDefFoundError'{0x0000000083243e50}: javax/validation/ValidationException> (0x0000000083243e50) 
thrown [t:\workspace\open\src\hotspot\share\classfile\systemDictionary.cpp, line 245]
Event: 9.689 Thread 0x000002321df75070 Exception <a 'java/lang/NoClassDefFoundError'{0x0000000083254080}: liquibase/exception/ChangeLogParseException> (0x0000000083254080) 
thrown [t:\workspace\open\src\hotspot\share\classfile\systemDictionary.cpp, line 245]
Event: 9.701 Thread 0x000002321df75070 Exception <a 'java/lang/reflect/InvocationTargetException'{0x0000000083275998}> (0x0000000083275998) 
thrown [t:\workspace\open\src\hotspot\share\runtime\reflection.cpp, line 1157]

Events (20 events):
Event: 9.581 loading class java/beans/ThreadGroupContext done
Event: 9.581 loading class java/beans/ThreadGroupContext$1
Event: 9.581 loading class java/beans/WeakIdentityMap
Event: 9.582 loading class java/beans/WeakIdentityMap done
Event: 9.582 loading class java/beans/ThreadGroupContext$1 done
Event: 9.582 loading class java/beans/WeakIdentityMap$Entry
Event: 9.582 loading class java/beans/WeakIdentityMap$Entry done
Event: 9.583 loading class java/util/WeakHashMap$KeyIterator
Event: 9.583 loading class java/util/WeakHashMap$HashIterator
Event: 9.583 loading class java/util/WeakHashMap$HashIterator done
Event: 9.583 loading class java/util/WeakHashMap$KeyIterator done
Event: 9.585 Thread 0x000002323b76aa80 Thread exited: 0x000002323b76aa80
Event: 9.588 loading class java/util/concurrent/locks/AbstractQueuedSynchronizer$ExclusiveNode done
Event: 9.593 loading class java/util/concurrent/locks/AbstractQueuedSynchronizer$ConditionNode done
Event: 9.702 Thread 0x000002321df75070 Thread exited: 0x000002321df75070
Event: 9.702 Thread 0x000002321df75070 Thread added: 0x000002321df75070
Event: 9.885 Thread 0x000002323cadcd80 Thread exited: 0x000002323cadcd80
Event: 9.926 Thread 0x000002323cadcd80 Thread added: 0x000002323cadcd80
Event: 9.926 Thread 0x000002323c3d4f70 Thread added: 0x000002323c3d4f70
Event: 9.928 Executing  VM operation: G1CollectForAllocation


Dynamic libraries:
0x00007ff6053d0000 - 0x00007ff6053e0000 	C:\Program Files\Java\jdk-16.0.2\bin\java.exe
0x00007ffe6d430000 - 0x00007ffe6d625000 	C:\WINDOWS\SYSTEM32\ntdll.dll
0x00007ffe3f370000 - 0x00007ffe3f386000 	C:\Program Files\AVAST Software\Avast\aswhook.dll
0x00007ffe6d330000 - 0x00007ffe6d3ee000 	C:\WINDOWS\System32\KERNEL32.DLL
0x00007ffe6af90000 - 0x00007ffe6b258000 	C:\WINDOWS\System32\KERNELBASE.dll
0x00007ffe6b260000 - 0x00007ffe6b360000 	C:\WINDOWS\System32\ucrtbase.dll
0x00007ffe65670000 - 0x00007ffe65688000 	C:\Program Files\Java\jdk-16.0.2\bin\jli.dll
0x00007ffe6d1c0000 - 0x00007ffe6d26c000 	C:\WINDOWS\System32\ADVAPI32.dll
0x00007ffe6b470000 - 0x00007ffe6b50e000 	C:\WINDOWS\System32\msvcrt.dll
0x00007ffe6b540000 - 0x00007ffe6b5db000 	C:\WINDOWS\System32\sechost.dll
0x00007ffe6b670000 - 0x00007ffe6b79a000 	C:\WINDOWS\System32\RPCRT4.dll
0x00007ffe6cc40000 - 0x00007ffe6cde1000 	C:\WINDOWS\System32\USER32.dll
0x00007ffe6ad50000 - 0x00007ffe6ad72000 	C:\WINDOWS\System32\win32u.dll
0x00007ffe6b510000 - 0x00007ffe6b53b000 	C:\WINDOWS\System32\GDI32.dll
0x00007ffe6b360000 - 0x00007ffe6b46d000 	C:\WINDOWS\System32\gdi32full.dll
0x00007ffe6abd0000 - 0x00007ffe6ac6d000 	C:\WINDOWS\System32\msvcp_win.dll
0x00007ffe65c10000 - 0x00007ffe65c29000 	C:\Program Files\Java\jdk-16.0.2\bin\VCRUNTIME140.dll
0x00007ffe4aed0000 - 0x00007ffe4b16a000 	C:\WINDOWS\WinSxS\amd64_microsoft.windows.common-controls_6595b64144ccf1df_6.0.19041.1110_none_60b5254171f9507e\COMCTL32.dll
0x00007ffe63a20000 - 0x00007ffe63a2a000 	C:\WINDOWS\SYSTEM32\VERSION.dll
0x00007ffe6c640000 - 0x00007ffe6c670000 	C:\WINDOWS\System32\IMM32.DLL
0x00007ffe66710000 - 0x00007ffe6671c000 	C:\Program Files\Java\jdk-16.0.2\bin\vcruntime140_1.dll
0x00007ffe54dd0000 - 0x00007ffe54e61000 	C:\Program Files\Java\jdk-16.0.2\bin\msvcp140.dll
0x00007ffe26a70000 - 0x00007ffe2761b000 	C:\Program Files\Java\jdk-16.0.2\bin\server\jvm.dll
0x00007ffe6d270000 - 0x00007ffe6d278000 	C:\WINDOWS\System32\PSAPI.DLL
0x00007ffe60b20000 - 0x00007ffe60b29000 	C:\WINDOWS\SYSTEM32\WSOCK32.dll
0x00007ffe6c4a0000 - 0x00007ffe6c50b000 	C:\WINDOWS\System32\WS2_32.dll
0x00007ffe5fe90000 - 0x00007ffe5feb7000 	C:\WINDOWS\SYSTEM32\WINMM.dll
0x00007ffe68a30000 - 0x00007ffe68a42000 	C:\WINDOWS\SYSTEM32\kernel.appcore.dll
0x00007ffe66190000 - 0x00007ffe6619a000 	C:\Program Files\Java\jdk-16.0.2\bin\jimage.dll
0x00007ffe62f10000 - 0x00007ffe630f4000 	C:\WINDOWS\SYSTEM32\DBGHELP.DLL
0x00007ffe63960000 - 0x00007ffe6398c000 	C:\WINDOWS\SYSTEM32\dbgcore.DLL
0x00007ffe6ab40000 - 0x00007ffe6abc2000 	C:\WINDOWS\System32\bcryptPrimitives.dll
0x00007ffe65640000 - 0x00007ffe65665000 	C:\Program Files\Java\jdk-16.0.2\bin\java.dll
0x00007ffe6bd50000 - 0x00007ffe6c494000 	C:\WINDOWS\System32\SHELL32.dll
0x00007ffe68c30000 - 0x00007ffe693c4000 	C:\WINDOWS\SYSTEM32\windows.storage.dll
0x00007ffe6c8e0000 - 0x00007ffe6cc35000 	C:\WINDOWS\System32\combase.dll
0x00007ffe6a590000 - 0x00007ffe6a5be000 	C:\WINDOWS\SYSTEM32\Wldp.dll
0x00007ffe6c510000 - 0x00007ffe6c5bd000 	C:\WINDOWS\System32\SHCORE.dll
0x00007ffe6cec0000 - 0x00007ffe6cf15000 	C:\WINDOWS\System32\shlwapi.dll
0x00007ffe6aa80000 - 0x00007ffe6aa9f000 	C:\WINDOWS\SYSTEM32\profapi.dll
0x00007ffe65620000 - 0x00007ffe65639000 	C:\Program Files\Java\jdk-16.0.2\bin\net.dll
0x00007ffe613d0000 - 0x00007ffe614dc000 	C:\WINDOWS\SYSTEM32\WINHTTP.dll
0x00007ffe6a2f0000 - 0x00007ffe6a35a000 	C:\WINDOWS\system32\mswsock.dll
0x00007ffe65570000 - 0x00007ffe65583000 	C:\Program Files\Java\jdk-16.0.2\bin\nio.dll
0x00007ffe65330000 - 0x00007ffe65348000 	C:\Program Files\Java\jdk-16.0.2\bin\zip.dll
0x00007ffe69fd0000 - 0x00007ffe6a09b000 	C:\WINDOWS\SYSTEM32\DNSAPI.dll
0x00007ffe69f90000 - 0x00007ffe69fcb000 	C:\WINDOWS\SYSTEM32\IPHLPAPI.DLL
0x00007ffe6b660000 - 0x00007ffe6b668000 	C:\WINDOWS\System32\NSI.dll
0x00007ffe613b0000 - 0x00007ffe613ba000 	C:\Windows\System32\rasadhlp.dll
0x00007ffe61650000 - 0x00007ffe616cf000 	C:\WINDOWS\System32\fwpuclnt.dll
0x00007ffe6acc0000 - 0x00007ffe6ace7000 	C:\WINDOWS\System32\bcrypt.dll
0x00007ffe65250000 - 0x00007ffe65259000 	C:\Program Files\Java\jdk-16.0.2\bin\management.dll
0x00007ffe65240000 - 0x00007ffe6524b000 	C:\Program Files\Java\jdk-16.0.2\bin\management_ext.dll
0x00007ffe6a4f0000 - 0x00007ffe6a508000 	C:\WINDOWS\SYSTEM32\CRYPTSP.dll
0x00007ffe69c00000 - 0x00007ffe69c34000 	C:\WINDOWS\system32\rsaenh.dll
0x00007ffe6aa40000 - 0x00007ffe6aa6e000 	C:\WINDOWS\SYSTEM32\USERENV.dll
0x00007ffe6a4e0000 - 0x00007ffe6a4ec000 	C:\WINDOWS\SYSTEM32\CRYPTBASE.dll
0x00007ffe63dd0000 - 0x00007ffe63de7000 	C:\WINDOWS\SYSTEM32\dhcpcsvc6.DLL
0x00007ffe63db0000 - 0x00007ffe63dcd000 	C:\WINDOWS\SYSTEM32\dhcpcsvc.DLL
0x00007ffe52eb0000 - 0x00007ffe52ec7000 	C:\WINDOWS\system32\napinsp.dll
0x00007ffe52e90000 - 0x00007ffe52eab000 	C:\WINDOWS\system32\pnrpnsp.dll
0x00007ffe52e70000 - 0x00007ffe52e85000 	C:\WINDOWS\system32\wshbth.dll
0x00007ffe64100000 - 0x00007ffe6411d000 	C:\WINDOWS\system32\NLAapi.dll
0x00007ffe52e50000 - 0x00007ffe52e62000 	C:\WINDOWS\System32\winrnr.dll
0x00007ffe65c50000 - 0x00007ffe65c6a000 	C:\Program Files\JetBrains\IntelliJ IDEA 2019.2.4\bin\breakgen64.dll

dbghelp: loaded successfully - version: 4.0.5 - missing functions: none
symbol engine: initialized successfully - sym options: 0x614 - pdb path: .;C:\Program Files\Java\jdk-16.0.2\bin;C:\WINDOWS\SYSTEM32;C:\Program Files\AVAST Software\Avast;C:\WINDOWS\WinSxS\amd64_microsoft.windows.common-controls_6595b64144ccf1df_6.0.19041.1110_none_60b5254171f9507e;C:\Program Files\Java\jdk-16.0.2\bin\server;C:\Program Files\JetBrains\IntelliJ IDEA 2019.2.4\bin

VM Arguments:
jvm_args: -XX:TieredStopAtLevel=1 -Xverify:none -Dspring.output.ansi.enabled=always -Dcom.sun.management.jmxremote -Dspring.jmx.enabled=true -Dspring.liveBeansView.mbeanDomain -Dspring.application.admin.enabled=true -Didea.launcher.port=50070 -Didea.launcher.bin.path=C:\Program Files\JetBrains\IntelliJ IDEA 2019.2.4\bin -Dfile.encoding=UTF-8 
java_command: com.intellij.rt.execution.application.AppMainV2 com.gmail.seedsedowsidushka.hospitalproject.HospitalprojectApplication
java_class_path (initial): D:\Folder\hospitalproject\target\classes;C:\Users\User\.m2\repository\mysql\mysql-connector-java\8.0.27\mysql-connector-java-8.0.27.jar;C:\Users\User\.m2\repository\org\springframework\boot\spring-boot-starter-data-jpa\2.6.1\spring-boot-starter-data-jpa-2.6.1.jar;C:\Users\User\.m2\repository\org\springframework\boot\spring-boot-starter-aop\2.6.1\spring-boot-starter-aop-2.6.1.jar;C:\Users\User\.m2\repository\org\aspectj\aspectjweaver\1.9.7\aspectjweaver-1.9.7.jar;C:\Users\User\.m2\repository\org\springframework\boot\spring-boot-starter-jdbc\2.6.1\spring-boot-starter-jdbc-2.6.1.jar;C:\Users\User\.m2\repository\com\zaxxer\HikariCP\4.0.3\HikariCP-4.0.3.jar;C:\Users\User\.m2\repository\org\springframework\spring-jdbc\5.3.13\spring-jdbc-5.3.13.jar;C:\Users\User\.m2\repository\jakarta\transaction\jakarta.transaction-api\1.3.3\jakarta.transaction-api-1.3.3.jar;C:\Users\User\.m2\repository\jakarta\persistence\jakarta.persistence-api\2.2.3\jakarta.persistence-api-2.2.3.jar;C:\Users\User\.m2\repository\org\hibernate\hibernate-core\5.6.1.Final\hibernate-core-5.6.1.Final.jar;C:\Users\User\.m2\repository\org\jboss\logging\jboss-logging\3.4.2.Final\jboss-logging-3.4.2.Final.jar;C:\Users\User\.m2\repository\net\bytebuddy\byte-buddy\1.11.22\byte-buddy-1.11.22.jar;C:\Users\User\.m2\repository\antlr\antlr\2.7.7\antlr-2.7.7.jar;C:\Users\User\.m2\repository\org\jboss\jandex\2.2.3.Final\jandex-2.2.3.Final.jar;C:\Users\User\.m2\repository\com\fasterxml\classmate\1.5.1\classmate-1.5.1.jar;C:\Users\User\.m2\repository\org\hibernate\common\hibernate-commons-annotations\5.1.2.Final\hibernate-commons-annotations-5.1.2.Final.jar;C:\Users\User\.m2\repository\org\glassfish\jaxb\jaxb-runtime\2.3.5\jaxb-runtime-2.3.5.jar;C:\Users\User\.m2\repository\org\glassfish\jaxb\txw2\2.3.5\txw2-2.3.5.jar;C:\Users\User\.m2\repository\com\sun\istack\istack-commons-runtime\3.0.12\istack-commons-runtime-3.0.12.jar;C:\Users\User\.m2\repository\com\sun\activation\jakarta.activation\1.2.
Launcher Type: SUN_STANDARD

[Global flags]
     intx CICompilerCount                          = 3                                         {product} {ergonomic}
     uint ConcGCThreads                            = 1                                         {product} {ergonomic}
     uint G1ConcRefinementThreads                  = 4                                         {product} {ergonomic}
   size_t G1HeapRegionSize                         = 1048576                                   {product} {ergonomic}
    uintx GCDrainStackTargetSize                   = 64                                        {product} {ergonomic}
   size_t InitialHeapSize                          = 134217728                                 {product} {ergonomic}
     bool ManagementServer                         = true                                      {product} {command line}
   size_t MarkStackSize                            = 4194304                                   {product} {ergonomic}
   size_t MaxHeapSize                              = 2124414976                                {product} {ergonomic}
   size_t MaxNewSize                               = 1274019840                                {product} {ergonomic}
   size_t MinHeapDeltaBytes                        = 1048576                                   {product} {ergonomic}
   size_t MinHeapSize                              = 8388608                                   {product} {ergonomic}
    uintx NonNMethodCodeHeapSize                   = 6973028                                {pd product} {ergonomic}
    uintx NonProfiledCodeHeapSize                  = 244685212                              {pd product} {ergonomic}
    uintx ProfiledCodeHeapSize                     = 0                                      {pd product} {ergonomic}
    uintx ReservedCodeCacheSize                    = 251658240                              {pd product} {ergonomic}
     bool SegmentedCodeCache                       = true                                      {product} {ergonomic}
   size_t SoftMaxHeapSize                          = 2124414976                             {manageable} {ergonomic}
     intx TieredStopAtLevel                        = 1                                         {product} {command line}
     bool UseCompressedClassPointers               = true                           {product lp64_product} {ergonomic}
     bool UseCompressedOops                        = true                           {product lp64_product} {ergonomic}
     bool UseG1GC                                  = true                                      {product} {ergonomic}
     bool UseLargePagesIndividualAllocation        = false                                  {pd product} {ergonomic}

Logging:
Log output configuration:
 #0: stdout all=warning uptime,level,tags
 #1: stderr all=off uptime,level,tags

Environment Variables:
JAVA_HOME=C:\Program Files\Java\jre1.8.0_301
PATH=C:\Program Files\Common Files\Oracle\Java\javapath;C:\Program Files (x86)\Common Files\Oracle\Java\javapath;C:\ProgramData\Oracle\Java\javapath;C:\Program Files (x86)\Common Files\Intel\Shared Files\cpp\bin\Intel64;C:\WINDOWS\system32;C:\WINDOWS;C:\WINDOWS\System32\Wbem;C:\WINDOWS\System32\WindowsPowerShell\v1.0\;C:\Program Files (x86)\ATI Technologies\ATI.ACE\Core-Static;C:\Program Files (x86)\AMD\ATI.ACE\Core-Static;C:\WINDOWS\System32\OpenSSH\;C:\Program Files\NVIDIA Corporation\NVIDIA NvDLISR;C:\WINDOWS\system32;C:\WINDOWS;C:\WINDOWS\System32\Wbem;C:\WINDOWS\System32\WindowsPowerShell\v1.0\;C:\WINDOWS\System32\OpenSSH\;C:\Program Files\MATLAB\R2016b\bin;D:\Matlab2\runtime\win64;D:\Matlab2\bin;D:\Matlab2\polyspace\bin;C:\Program Files\Java\jre1.8.0_301\bin;C:\Program Files\MySQL\MySQL Shell 8.0\bin\;C:\Users\User\AppData\Local\Microsoft\WindowsApps;
USERNAME=User
OS=Windows_NT
PROCESSOR_IDENTIFIER=Intel64 Family 6 Model 142 Stepping 9, GenuineIntel



---------------  S Y S T E M  ---------------

OS:
 Windows 10 , 64 bit Build 19041 (10.0.19041.1348)
OS uptime: 0 days 6:45 hours

CPU: total 4 (initial active 4) (2 cores per cpu, 2 threads per core) family 6 model 142 stepping 9 microcode 0xb4, cx8, cmov, fxsr, ht, mmx, 3dnowpref, sse, sse2, sse3, ssse3, sse4.1, sse4.2, popcnt, lzcnt, tsc, tscinvbit, aes, erms, clmul, clflush, clflushopt

Memory: 4k page, system-wide physical 8100M (919M free)
TotalPageFile size 10148M (AvailPageFile size 17M)
current process WorkingSet (physical memory assigned to process): 126M, peak: 156M
current process commit charge ("private bytes"): 166M, peak: 236M

vm_info: Java HotSpot(TM) 64-Bit Server VM (16.0.2+7-67) for windows-amd64 JRE (16.0.2+7-67), built on Jun  8 2021 23:24:19 by "mach5one" with MS VC++ 16.7 (VS2019)

END.
